Server is running on Port: 4000
Database is connected
testing app 262f92ed-59b1-4c3a-a74d-6877d7f8ba4c
data
metapropertiesbyid statusCode: 200
data
Retrieve_all_campaigns statusCode: 200
data
Retrieve_all_campaigns statusCode: 200
data
Retrieve_all_campaigns statusCode: 200
data
Retrieve_all_campaigns statusCode: 200
data
Retrieve_all_campaigns statusCode: 200
data
Retrieve_all_campaigns statusCode: 200
data
Retrieve_all_campaigns statusCode: 200
data
Retrieve_all_campaigns statusCode: 200
data
Retrieve_all_campaigns statusCode: 200
data
Retrieve_all_campaigns statusCode: 200
data
Retrieve_all_campaigns statusCode: 200
data
Retrieve_all_campaigns statusCode: 200
data
Retrieve_all_campaigns statusCode: 200
data
Retrieve_all_campaigns statusCode: 200
data
Retrieve_all_campaigns statusCode: 200
data
data
Retrieve_all_campaigns statusCode: 200
Retrieve_all_campaigns statusCode: 200
testing app 262f92ed-59b1-4c3a-a74d-6877d7f8ba4c
data
metapropertiesbyid statusCode: 200
data
Retrieve_all_campaigns statusCode: 200
testing app 262f92ed-59b1-4c3a-a74d-6877d7f8ba4c
data
metapropertiesbyid statusCode: 200
data
Retrieve_all_campaigns statusCode: 200
testing app 262f92ed-59b1-4c3a-a74d-6877d7f8ba4c
data
metapropertiesbyid statusCode: 200
data
Retrieve_all_campaigns statusCode: 200
testing app 262f92ed-59b1-4c3a-a74d-6877d7f8ba4c
data
metapropertiesbyid statusCode: 200
data
Retrieve_all_campaigns statusCode: 200
testing app 262f92ed-59b1-4c3a-a74d-6877d7f8ba4c
data
metapropertiesbyid statusCode: 200
data
Retrieve_all_campaigns statusCode: 200
testing app 262f92ed-59b1-4c3a-a74d-6877d7f8ba4c
data
metapropertiesbyid statusCode: 200
data
data
Retrieve_all_campaigns statusCode: 200
Retrieve_all_campaigns statusCode: 200
testing app 262f92ed-59b1-4c3a-a74d-6877d7f8ba4c
data
metapropertiesbyid statusCode: 200
data
Retrieve_all_campaigns statusCode: 200
testing app 262f92ed-59b1-4c3a-a74d-6877d7f8ba4c
data
metapropertiesbyid statusCode: 200
data
Retrieve_all_campaigns statusCode: 200
testing app 262f92ed-59b1-4c3a-a74d-6877d7f8ba4c
data
metapropertiesbyid statusCode: 200
data
Retrieve_all_campaigns statusCode: 200
testing app 262f92ed-59b1-4c3a-a74d-6877d7f8ba4c
data
metapropertiesbyid statusCode: 200
Server is running on Port: 4000
Database is connected
testing app 262f92ed-59b1-4c3a-a74d-6877d7f8ba4c
data
metapropertiesbyid statusCode: 200
testing app 262f92ed-59b1-4c3a-a74d-6877d7f8ba4c
data
metapropertiesbyid statusCode: 200
